  Building Custom Rule F:/reguider/CMakeLists.txt
  CMake does not need to re-run because F:/reguider/build/CMakeFiles/generate.stamp is up-to-date.
  client.cpp
  server.cpp
  shared.cpp
  add.cpp
f:\reguider\vendor\lib-sqrat\include\sqrat\sqratOverloadMethods.h(115): warning C4244: 'initializing': conversion from 'SQInteger' to 'int', possible loss of data
  remove.cpp
f:\reguider\vendor\lib-sqrat\include\sqrat\sqratOverloadMethods.h(115): warning C4244: 'initializing': conversion from 'SQInteger' to 'int', possible loss of data
  trigger.cpp
f:\reguider\vendor\lib-sqrat\include\sqrat\sqratOverloadMethods.h(115): warning C4244: 'initializing': conversion from 'SQInteger' to 'int', possible loss of data
  receive.cpp
  update.cpp
  set NOMINMAX as preprocessor macro, undefining min/max 
  start.cpp
  stop.cpp
  clear.cpp
  create_child.cpp
  insert.cpp
  query.cpp
  set_visible.cpp
  subdivide.cpp
  fs.cpp
  http-client.cpp
  http-server.cpp
  http.cpp
  Generating Code...
  initialize.cpp
  terminate.cpp
  initialize.cpp
f:\reguider\vendor\lib-sqrat\include\sqrat\sqratOverloadMethods.h(115): warning C4244: 'initializing': conversion from 'SQInteger' to 'int', possible loss of data
  client.cpp
  initialize.cpp
  set NOMINMAX as preprocessor macro, undefining min/max 
  server.cpp
  terminate.cpp
  initialize.cpp
  terminate.cpp
  initialize.cpp
  terminate.cpp
  librg.vcxproj -> F:\reguider\build\Release\librg.lib
